android/gradleBuild/outputs/logs/manifest-merger-release-report.txt
-- Merging decision tree log ---
manifest
ADDED from android\AndroidManifest.xml:16:1-56:12
MERGED from [org.tensorflow:tensorflow-android:1.8.0] AndroidManifest.xml:2:1-8:12
MERGED from [com.android.support:appcompat-v7:26.0.2] AndroidManifest.xml:17:1-31:12
MERGED from [com.android.support.constraint:constraint-layout:1.1.0] AndroidManifest.xml:2:1-11:12
MERGED from [com.android.support:animated-vector-drawable:26.0.2] AndroidManifest.xml:17:1-28:12
MERGED from [com.android.support:support-vector-drawable:26.0.2] AndroidManifest.xml:17:1-28:12
MERGED from [com.android.support:support-v4:26.0.2] AndroidManifest.xml:17:1-31:12
MERGED from [com.android.support:support-media-compat:26.0.2] AndroidManifest.xml:17:1-31:12
MERGED from [com.android.support:support-fragment:26.0.2] AndroidManifest.xml:17:1-31:12
MERGED from [com.android.support:support-core-utils:26.0.2] AndroidManifest.xml:17:1-31:12
MERGED from [com.android.support:support-core-ui:26.0.2] AndroidManifest.xml:17:1-31:12
MERGED from [com.android.support:support-compat:26.0.2] AndroidManifest.xml:17:1-31:12
	package
		ADDED from android\AndroidManifest.xml:18:5-50
	xmlns:tools
		ADDED from android\AndroidManifest.xml:17:5-51
	xmlns:android
		ADDED from android\AndroidManifest.xml:16:11-69
uses-sdk
ADDED from android\AndroidManifest.xml:20:5-22:41
MERGED from [com.android.support:appcompat-v7:26.0.2] AndroidManifest.xml:21:5-23:78
MERGED from [com.android.support:appcompat-v7:26.0.2] AndroidManifest.xml:21:5-23:78
MERGED from [com.android.support.constraint:constraint-layout:1.1.0] AndroidManifest.xml:5:5-7:41
MERGED from [com.android.support.constraint:constraint-layout:1.1.0] AndroidManifest.xml:5:5-7:41
MERGED from [com.android.support:animated-vector-drawable:26.0.2] AndroidManifest.xml:20:5-44
MERGED from [com.android.support:animated-vector-drawable:26.0.2] AndroidManifest.xml:20:5-44
MERGED from [com.android.support:support-vector-drawable:26.0.2] AndroidManifest.xml:20:5-44
MERGED from [com.android.support:support-vector-drawable:26.0.2] AndroidManifest.xml:20:5-44
MERGED from [com.android.support:support-v4:26.0.2] AndroidManifest.xml:21:5-23:54
MERGED from [com.android.support:support-v4:26.0.2] AndroidManifest.xml:21:5-23:54
MERGED from [com.android.support:support-media-compat:26.0.2] AndroidManifest.xml:21:5-23:63
MERGED from [com.android.support:support-media-compat:26.0.2] AndroidManifest.xml:21:5-23:63
MERGED from [com.android.support:support-fragment:26.0.2] AndroidManifest.xml:21:5-23:60
MERGED from [com.android.support:support-fragment:26.0.2] AndroidManifest.xml:21:5-23:60
MERGED from [com.android.support:support-core-utils:26.0.2] AndroidManifest.xml:21:5-23:61
MERGED from [com.android.support:support-core-utils:26.0.2] AndroidManifest.xml:21:5-23:61
MERGED from [com.android.support:support-core-ui:26.0.2] AndroidManifest.xml:21:5-23:58
MERGED from [com.android.support:support-core-ui:26.0.2] AndroidManifest.xml:21:5-23:58
MERGED from [com.android.support:support-compat:26.0.2] AndroidManifest.xml:21:5-23:58
MERGED from [com.android.support:support-compat:26.0.2] AndroidManifest.xml:21:5-23:58
	tools:overrideLibrary
		ADDED from [com.android.support:appcompat-v7:26.0.2] AndroidManifest.xml:23:9-75
	android:targetSdkVersion
		ADDED from android\AndroidManifest.xml:22:9-38
	android:minSdkVersion
		ADDED from android\AndroidManifest.xml:21:9-35
uses-permission#android.permission.INTERNET
ADDED from android\AndroidManifest.xml:24:5-67
	android:name
		ADDED from android\AndroidManifest.xml:24:22-64
uses-permission#android.permission.CAMERA
ADDED from android\AndroidManifest.xml:25:5-65
	android:name
		ADDED from android\AndroidManifest.xml:25:22-62
uses-feature#android.hardware.camera
ADDED from android\AndroidManifest.xml:27:5-60
	android:name
		ADDED from android\AndroidManifest.xml:27:19-57
uses-feature#android.hardware.camera.autofocus
ADDED from android\AndroidManifest.xml:28:5-70
	android:name
		ADDED from android\AndroidManifest.xml:28:19-67
uses-permission#android.permission.WRITE_EXTERNAL_STORAGE
ADDED from android\AndroidManifest.xml:30:5-81
	android:name
		ADDED from android\AndroidManifest.xml:30:22-78
uses-permission#android.permission.RECORD_AUDIO
ADDED from android\AndroidManifest.xml:31:5-71
	android:name
		ADDED from android\AndroidManifest.xml:31:22-68
uses-permission#android.permission.READ_PHONE_STATE
ADDED from android\AndroidManifest.xml:32:5-75
	android:name
		ADDED from android\AndroidManifest.xml:32:22-72
uses-permission#android.permission.READ_EXTERNAL_STORAGE
ADDED from android\AndroidManifest.xml:33:5-80
	android:name
		ADDED from android\AndroidManifest.xml:33:22-77
application
ADDED from android\AndroidManifest.xml:35:5-54:19
MERGED from [org.tensorflow:tensorflow-android:1.8.0] AndroidManifest.xml:5:5-6:19
MERGED from [org.tensorflow:tensorflow-android:1.8.0] AndroidManifest.xml:5:5-6:19
MERGED from [com.android.support:appcompat-v7:26.0.2] AndroidManifest.xml:25:5-29:19
MERGED from [com.android.support:appcompat-v7:26.0.2] AndroidManifest.xml:25:5-29:19
MERGED from [com.android.support.constraint:constraint-layout:1.1.0] AndroidManifest.xml:9:5-20
MERGED from [com.android.support.constraint:constraint-layout:1.1.0] AndroidManifest.xml:9:5-20
MERGED from [com.android.support:animated-vector-drawable:26.0.2] AndroidManifest.xml:22:5-26:19
MERGED from [com.android.support:animated-vector-drawable:26.0.2] AndroidManifest.xml:22:5-26:19
MERGED from [com.android.support:support-vector-drawable:26.0.2] AndroidManifest.xml:22:5-26:19
MERGED from [com.android.support:support-vector-drawable:26.0.2] AndroidManifest.xml:22:5-26:19
MERGED from [com.android.support:support-v4:26.0.2] AndroidManifest.xml:25:5-29:19
MERGED from [com.android.support:support-v4:26.0.2] AndroidManifest.xml:25:5-29:19
MERGED from [com.android.support:support-media-compat:26.0.2] AndroidManifest.xml:25:5-29:19
MERGED from [com.android.support:support-media-compat:26.0.2] AndroidManifest.xml:25:5-29:19
MERGED from [com.android.support:support-fragment:26.0.2] AndroidManifest.xml:25:5-29:19
MERGED from [com.android.support:support-fragment:26.0.2] AndroidManifest.xml:25:5-29:19
MERGED from [com.android.support:support-core-utils:26.0.2] AndroidManifest.xml:25:5-29:19
MERGED from [com.android.support:support-core-utils:26.0.2] AndroidManifest.xml:25:5-29:19
MERGED from [com.android.support:support-core-ui:26.0.2] AndroidManifest.xml:25:5-29:19
MERGED from [com.android.support:support-core-ui:26.0.2] AndroidManifest.xml:25:5-29:19
MERGED from [com.android.support:support-compat:26.0.2] AndroidManifest.xml:25:5-29:19
MERGED from [com.android.support:support-compat:26.0.2] AndroidManifest.xml:25:5-29:19
	android:label
		ADDED from android\AndroidManifest.xml:39:9-41
	android:debuggable
		ADDED from android\AndroidManifest.xml:37:9-34
	tools:ignore
		ADDED from android\AndroidManifest.xml:41:9-42
	android:icon
		ADDED from android\AndroidManifest.xml:38:9-38
	android:allowBackup
		ADDED from android\AndroidManifest.xml:36:9-35
	android:theme
		ADDED from android\AndroidManifest.xml:40:9-45
activity#org.tensorflow.online_shopping_demo.DetectorActivity
ADDED from android\AndroidManifest.xml:42:9-52:20
	android:screenOrientation
		ADDED from android\AndroidManifest.xml:45:13-49
	android:label
		ADDED from android\AndroidManifest.xml:44:13-42
	android:name
		ADDED from android\AndroidManifest.xml:43:13-45
intent-filter#android.intent.action.MAIN+android.intent.category.LAUNCHER+android.intent.category.LEANBACK_LAUNCHER
ADDED from android\AndroidManifest.xml:46:13-51:29
action#android.intent.action.MAIN
ADDED from android\AndroidManifest.xml:47:17-69
	android:name
		ADDED from android\AndroidManifest.xml:47:25-66
category#android.intent.category.LAUNCHER
ADDED from android\AndroidManifest.xml:49:17-77
	android:name
		ADDED from android\AndroidManifest.xml:49:27-74
category#android.intent.category.LEANBACK_LAUNCHER
ADDED from android\AndroidManifest.xml:50:17-86
	android:name
		ADDED from android\AndroidManifest.xml:50:27-83
activity#org.tensorflow.online_shopping_demo.ListProductsActivity
ADDED from android\AndroidManifest.xml:53:9-58
	android:name
		ADDED from android\AndroidManifest.xml:53:19-55
meta-data#android.support.VERSION
ADDED from [com.android.support:appcompat-v7:26.0.2] AndroidManifest.xml:26:9-28:38
MERGED from [com.android.support:animated-vector-drawable:26.0.2] AndroidManifest.xml:23:9-25:38
MERGED from [com.android.support:animated-vector-drawable:26.0.2] AndroidManifest.xml:23:9-25:38
MERGED from [com.android.support:support-vector-drawable:26.0.2] AndroidManifest.xml:23:9-25:38
MERGED from [com.android.support:support-vector-drawable:26.0.2] AndroidManifest.xml:23:9-25:38
MERGED from [com.android.support:support-v4:26.0.2] AndroidManifest.xml:26:9-28:38
MERGED from [com.android.support:support-v4:26.0.2] AndroidManifest.xml:26:9-28:38
MERGED from [com.android.support:support-media-compat:26.0.2] AndroidManifest.xml:26:9-28:38
MERGED from [com.android.support:support-media-compat:26.0.2] AndroidManifest.xml:26:9-28:38
MERGED from [com.android.support:support-fragment:26.0.2] AndroidManifest.xml:26:9-28:38
MERGED from [com.android.support:support-fragment:26.0.2] AndroidManifest.xml:26:9-28:38
MERGED from [com.android.support:support-core-utils:26.0.2] AndroidManifest.xml:26:9-28:38
MERGED from [com.android.support:support-core-utils:26.0.2] AndroidManifest.xml:26:9-28:38
MERGED from [com.android.support:support-core-ui:26.0.2] AndroidManifest.xml:26:9-28:38
MERGED from [com.android.support:support-core-ui:26.0.2] AndroidManifest.xml:26:9-28:38
MERGED from [com.android.support:support-compat:26.0.2] AndroidManifest.xml:26:9-28:38
MERGED from [com.android.support:support-compat:26.0.2] AndroidManifest.xml:26:9-28:38
	android:value
		ADDED from [com.android.support:appcompat-v7:26.0.2] AndroidManifest.xml:28:13-35
	android:name
		ADDED from [com.android.support:appcompat-v7:26.0.2] AndroidManifest.xml:27:13-51